=/pretest.json
{
  _: [],
  f: [
    '/home/runner/work/exp--state-observer-design-and-pole-placement-design-for-pendulum-cartiitkgp/exp--state-observer-design-and-pole-placement-design-for-pendulum-cartiitkgp/experiment/pretest.json'
  ],
  files: [
    '/home/runner/work/exp--state-observer-design-and-pole-placement-design-for-pendulum-cartiitkgp/exp--state-observer-design-and-pole-placement-design-for-pendulum-cartiitkgp/experiment/pretest.json'
  ],
  c: 'assessment',
  contentTypes: 'assessment',
  'content-types': 'assessment',
  '$0': 'validate'
}
Validated true
=/posttest.json
{
  _: [],
  f: [
    '/home/runner/work/exp--state-observer-design-and-pole-placement-design-for-pendulum-cartiitkgp/exp--state-observer-design-and-pole-placement-design-for-pendulum-cartiitkgp/experiment/posttest.json'
  ],
  files: [
    '/home/runner/work/exp--state-observer-design-and-pole-placement-design-for-pendulum-cartiitkgp/exp--state-observer-design-and-pole-placement-design-for-pendulum-cartiitkgp/experiment/posttest.json'
  ],
  c: 'assessment',
  contentTypes: 'assessment',
  'content-types': 'assessment',
  '$0': 'validate'
}
Validated true
